-------------------------------------------------------------------------------
Test set: com.Researcher.ResearcherData.ResearcherDataApplicationTests
-------------------------------------------------------------------------------
Tests run: 1, Failures: 0, Errors: 1, Skipped: 0, Time elapsed: 0.516 s <<< FAILURE! - in com.Researcher.ResearcherData.ResearcherDataApplicationTests
com.Researcher.ResearcherData.ResearcherDataApplicationTests  Time elapsed: 0.511 s  <<< ERROR!
java.lang.IllegalStateException: Unable to find a @SpringBootConfiguration, you need to use @ContextConfiguration or @SpringBootTest(classes=...) with your test

