<?xml version="1.0" encoding="UTF-8"?>
<testsuite xmlns:xsi="http://www.w3.org/2001/XMLSchema-instance" xsi:noNamespaceSchemaLocation="https://maven.apache.org/surefire/maven-surefire-plugin/xsd/surefire-test-report.xsd" name="com.Researcher.ResearcherData.ResearcherDataApplicationTests" time="0.516" tests="1" errors="1" skipped="0" failures="0">
  <properties>
[...]
</properties>
  <testcase name="com.Researcher.ResearcherData.ResearcherDataApplicationTests" classname="com.Researcher.ResearcherData.ResearcherDataApplicationTests" time="0.511">
    <error message="Unable to find a @SpringBootConfiguration, you need to use @ContextConfiguration or @SpringBootTest(classes=...) with your test" type="java.lang.IllegalStateException">java.lang.IllegalStateException: Unable to find a @SpringBootConfiguration, you need to use @ContextConfiguration or @SpringBootTest(classes=...) with your test
</error>
    <system-out><![CDATA[14:06:30.700 [main] DEBUG org.springframework.test.context.BootstrapUtils - Instantiating CacheAwareContextLoaderDelegate from class [org.springframework.test.context.cache.DefaultCacheAwareContextLoaderDelegate]
14:06:30.719 [main] DEBUG org.springframework.test.context.BootstrapUtils - Instantiating BootstrapContext using constructor [public org.springframework.test.context.support.DefaultBootstrapContext(java.lang.Class,org.springframework.test.context.CacheAwareContextLoaderDelegate)]
14:06:30.788 [main] DEBUG org.springframework.test.context.BootstrapUtils - Instantiating TestContextBootstrapper for test class [com.Researcher.ResearcherData.ResearcherDataApplicationTests] from class [org.springframework.boot.test.context.SpringBootTestContextBootstrapper]
14:06:30.814 [main] INFO org.springframework.boot.test.context.SpringBootTestContextBootstrapper - Neither @ContextConfiguration nor @ContextHierarchy found for test class [com.Researcher.ResearcherData.ResearcherDataApplicationTests], using SpringBootContextLoader
14:06:30.823 [main] DEBUG org.springframework.test.context.support.AbstractContextLoader - Did not detect default resource location for test class [com.Researcher.ResearcherData.ResearcherDataApplicationTests]: class path resource [com/Researcher/ResearcherData/ResearcherDataApplicationTests-context.xml] does not exist
14:06:30.824 [main] DEBUG org.springframework.test.context.support.AbstractContextLoader - Did not detect default resource location for test class [com.Researcher.ResearcherData.ResearcherDataApplicationTests]: class path resource [com/Researcher/ResearcherData/ResearcherDataApplicationTestsContext.groovy] does not exist
14:06:30.825 [main] INFO org.springframework.test.context.support.AbstractContextLoader - Could not detect default resource locations for test class [com.Researcher.ResearcherData.ResearcherDataApplicationTests]: no resource found for suffixes {-context.xml, Context.groovy}.
14:06:30.826 [main] INFO org.springframework.test.context.support.AnnotationConfigContextLoaderUtils - Could not detect default configuration classes for test class [com.Researcher.ResearcherData.ResearcherDataApplicationTests]: ResearcherDataApplicationTests does not declare any static, non-private, non-final, nested classes annotated with @Configuration.
14:06:30.936 [main] DEBUG org.springframework.test.context.support.ActiveProfilesUtils - Could not find an 'annotation declaring class' for annotation type [org.springframework.test.context.ActiveProfiles] and class [com.Researcher.ResearcherData.ResearcherDataApplicationTests]
]]></system-out>
  </testcase>
</testsuite>